<?xml version="1.0" encoding="UTF-8"?>
<coverage generated="1757460350792" clover="3.2.0">
  <project timestamp="1757460350792" name="All files">
    <metrics statements="26" coveredstatements="19" conditionals="4" coveredconditionals="2" methods="7" coveredmethods="3" elements="37" coveredelements="24" complexity="0" loc="26" ncloc="26" packages="1" files="1" classes="1"/>
    <file name="app.js" path="/home/runner/work/Production-Ready-DevOps-Projects/Production-Ready-DevOps-Projects/Project 2 - CI-CD Pipeline/app.js">
      <metrics statements="26" coveredstatements="19" conditionals="4" coveredconditionals="2" methods="7" coveredmethods="3"/>
      <line num="1" count="1" type="stmt"/>
      <line num="2" count="1" type="stmt"/>
      <line num="4" count="1" type="stmt"/>
      <line num="6" count="1" type="cond" truecount="2" falsecount="0"/>
      <line num="9" count="1" type="stmt"/>
      <line num="10" count="1" type="stmt"/>
      <line num="13" count="1" type="stmt"/>
      <line num="14" count="2" type="stmt"/>
      <line num="15" count="2" type="stmt"/>
      <line num="19" count="1" type="stmt"/>
      <line num="20" count="1" type="stmt"/>
      <line num="21" count="1" type="stmt"/>
      <line num="59" count="0" type="stmt"/>
      <line num="60" count="0" type="stmt"/>
      <line num="65" count="1" type="stmt"/>
      <line num="66" count="1" type="stmt"/>
      <line num="75" count="1" type="stmt"/>
      <line num="76" count="0" type="stmt"/>
      <line num="86" count="1" type="stmt"/>
      <line num="87" count="0" type="stmt"/>
      <line num="100" count="1" type="stmt"/>
      <line num="101" count="0" type="stmt"/>
      <line num="109" count="1" type="stmt"/>
      <line num="110" count="0" type="stmt"/>
      <line num="111" count="0" type="stmt"/>
      <line num="117" count="1" type="stmt"/>
    </file>
  </project>
</coverage>
