{"/Users/macbook/DevOps Project/AWS/Project 2 - CI-CD Pipeline/app.js": {"path":"/Users/macbook/DevOps Project/AWS/Project 2 - CI-CD Pipeline/app.js","statementMap":{"0":{"start":{"line":1,"column":16},"end":{"line":1,"column":34}},"1":{"start":{"line":2,"column":11},"end":{"line":2,"column":24}},"2":{"start":{"line":4,"column":12},"end":{"line":4,"column":21}},"3":{"start":{"line":5,"column":13},"end":{"line":5,"column":37}},"4":{"start":{"line":6,"column":20},"end":{"line":6,"column":60}},"5":{"start":{"line":9,"column":0},"end":{"line":9,"column":24}},"6":{"start":{"line":10,"column":0},"end":{"line":10,"column":34}},"7":{"start":{"line":13,"column":0},"end":{"line":16,"column":3}},"8":{"start":{"line":14,"column":2},"end":{"line":14,"column":73}},"9":{"start":{"line":15,"column":2},"end":{"line":15,"column":9}},"10":{"start":{"line":19,"column":0},"end":{"line":62,"column":3}},"11":{"start":{"line":20,"column":2},"end":{"line":61,"column":3}},"12":{"start":{"line":21,"column":4},"end":{"line":57,"column":7}},"13":{"start":{"line":59,"column":4},"end":{"line":59,"column":54}},"14":{"start":{"line":60,"column":4},"end":{"line":60,"column":50}},"15":{"start":{"line":65,"column":0},"end":{"line":72,"column":3}},"16":{"start":{"line":66,"column":2},"end":{"line":71,"column":5}},"17":{"start":{"line":75,"column":0},"end":{"line":83,"column":3}},"18":{"start":{"line":76,"column":2},"end":{"line":82,"column":5}},"19":{"start":{"line":86,"column":0},"end":{"line":97,"column":3}},"20":{"start":{"line":87,"column":2},"end":{"line":96,"column":5}},"21":{"start":{"line":100,"column":0},"end":{"line":106,"column":3}},"22":{"start":{"line":101,"column":2},"end":{"line":105,"column":5}},"23":{"start":{"line":109,"column":0},"end":{"line":115,"column":3}},"24":{"start":{"line":110,"column":2},"end":{"line":110,"column":43}},"25":{"start":{"line":111,"column":2},"end":{"line":114,"column":5}},"26":{"start":{"line":117,"column":0},"end":{"line":117,"column":21}}},"fnMap":{"0":{"name":"(anonymous_0)","decl":{"start":{"line":13,"column":8},"end":{"line":13,"column":9}},"loc":{"start":{"line":13,"column":28},"end":{"line":16,"column":1}},"line":13},"1":{"name":"(anonymous_1)","decl":{"start":{"line":19,"column":13},"end":{"line":19,"column":14}},"loc":{"start":{"line":19,"column":27},"end":{"line":62,"column":1}},"line":19},"2":{"name":"(anonymous_2)","decl":{"start":{"line":65,"column":19},"end":{"line":65,"column":20}},"loc":{"start":{"line":65,"column":33},"end":{"line":72,"column":1}},"line":65},"3":{"name":"(anonymous_3)","decl":{"start":{"line":75,"column":21},"end":{"line":75,"column":22}},"loc":{"start":{"line":75,"column":35},"end":{"line":83,"column":1}},"line":75},"4":{"name":"(anonymous_4)","decl":{"start":{"line":86,"column":23},"end":{"line":86,"column":24}},"loc":{"start":{"line":86,"column":37},"end":{"line":97,"column":1}},"line":86},"5":{"name":"(anonymous_5)","decl":{"start":{"line":100,"column":8},"end":{"line":100,"column":9}},"loc":{"start":{"line":100,"column":22},"end":{"line":106,"column":1}},"line":100},"6":{"name":"(anonymous_6)","decl":{"start":{"line":109,"column":8},"end":{"line":109,"column":9}},"loc":{"start":{"line":109,"column":35},"end":{"line":115,"column":1}},"line":109}},"branchMap":{"0":{"loc":{"start":{"line":5,"column":13},"end":{"line":5,"column":37}},"type":"binary-expr","locations":[{"start":{"line":5,"column":13},"end":{"line":5,"column":29}},{"start":{"line":5,"column":33},"end":{"line":5,"column":37}}],"line":5},"1":{"loc":{"start":{"line":6,"column":20},"end":{"line":6,"column":60}},"type":"binary-expr","locations":[{"start":{"line":6,"column":20},"end":{"line":6,"column":43}},{"start":{"line":6,"column":47},"end":{"line":6,"column":60}}],"line":6},"2":{"loc":{"start":{"line":113,"column":13},"end":{"line":113,"column":82}},"type":"cond-expr","locations":[{"start":{"line":113,"column":44},"end":{"line":113,"column":66}},{"start":{"line":113,"column":69},"end":{"line":113,"column":82}}],"line":113}},"s":{"0":1,"1":1,"2":1,"3":1,"4":1,"5":1,"6":1,"7":1,"8":2,"9":2,"10":1,"11":1,"12":1,"13":0,"14":0,"15":1,"16":1,"17":1,"18":0,"19":1,"20":0,"21":1,"22":0,"23":1,"24":0,"25":0,"26":1},"f":{"0":2,"1":1,"2":1,"3":0,"4":0,"5":0,"6":0},"b":{"0":[1,1],"1":[1,1],"2":[0,0]},"_coverageSchema":"1a1c01bbd47fc00a2c39e90264f33305004495a9","hash":"320ee2b2e26f0d0429aada27d08c3ae095b2443c"}
}
