TN:
SF:app.js
FN:13,(anonymous_0)
FN:19,(anonymous_1)
FN:65,(anonymous_2)
FN:75,(anonymous_3)
FN:86,(anonymous_4)
FN:100,(anonymous_5)
FN:109,(anonymous_6)
FNF:7
FNH:3
FNDA:2,(anonymous_0)
FNDA:1,(anonymous_1)
FNDA:1,(anonymous_2)
FNDA:0,(anonymous_3)
FNDA:0,(anonymous_4)
FNDA:0,(anonymous_5)
FNDA:0,(anonymous_6)
DA:1,1
DA:2,1
DA:4,1
DA:6,1
DA:9,1
DA:10,1
DA:13,1
DA:14,2
DA:15,2
DA:19,1
DA:20,1
DA:21,1
DA:59,0
DA:60,0
DA:65,1
DA:66,1
DA:75,1
DA:76,0
DA:86,1
DA:87,0
DA:100,1
DA:101,0
DA:109,1
DA:110,0
DA:111,0
DA:117,1
LF:26
LH:19
BRDA:6,0,0,1
BRDA:6,0,1,1
BRDA:113,1,0,0
BRDA:113,1,1,0
BRF:4
BRH:2
end_of_record
